  RayCast.cpp
c:\users\ghals\documents\raycasting_program\raycast.cpp(22): warning C4305: '초기화 중': 'double'에서 'float'(으)로 잘립니다.
c:\users\ghals\documents\raycasting_program\raycast.cpp(136): warning C4305: '+=': 'double'에서 'float'(으)로 잘립니다.
c:\users\ghals\documents\raycasting_program\raycast.cpp(137): warning C4305: '-=': 'double'에서 'float'(으)로 잘립니다.
c:\users\ghals\documents\raycasting_program\raycast.cpp(219): warning C4267: '초기화 중': 'size_t'에서 'int'(으)로 변환하면서 데이터가 손실될 수 있습니다.
c:\users\ghals\documents\raycasting_program\raycast.cpp(214): warning C4996: 'fscanf': This function or variable may be unsafe. Consider using fscanf_s instead. To disable deprecation, use _CRT_SECURE_NO_WARNINGS. See online help for details.
  c:\program files (x86)\windows kits\10\include\10.0.17763.0\ucrt\stdio.h(1197): note: 'fscanf' 선언을 참조하십시오.
c:\users\ghals\documents\raycasting_program\raycast.cpp(247): warning C4244: '초기화 중': 'double'에서 'float'(으)로 변환하면서 데이터가 손실될 수 있습니다.
c:\users\ghals\documents\raycasting_program\raycast.cpp(248): warning C4244: '초기화 중': 'double'에서 'float'(으)로 변환하면서 데이터가 손실될 수 있습니다.
c:\users\ghals\documents\raycasting_program\raycast.cpp(249): warning C4244: '초기화 중': 'double'에서 'float'(으)로 변환하면서 데이터가 손실될 수 있습니다.
c:\users\ghals\documents\raycasting_program\raycast.cpp(281): warning C4244: '초기화 중': 'double'에서 'float'(으)로 변환하면서 데이터가 손실될 수 있습니다.
c:\users\ghals\documents\raycasting_program\raycast.cpp(290): warning C4244: '초기화 중': 'double'에서 'float'(으)로 변환하면서 데이터가 손실될 수 있습니다.
c:\users\ghals\documents\raycasting_program\raycast.cpp(301): warning C4244: '초기화 중': 'double'에서 'float'(으)로 변환하면서 데이터가 손실될 수 있습니다.
c:\users\ghals\documents\raycasting_program\raycast.cpp(375): warning C4244: '초기화 중': 'int'에서 'float'(으)로 변환하면서 데이터가 손실될 수 있습니다.
c:\users\ghals\documents\raycasting_program\raycast.cpp(391): warning C4305: '+=': 'double'에서 'float'(으)로 잘립니다.
c:\users\ghals\documents\raycasting_program\raycast.cpp(393): warning C4838: 'double'에서 'float'(으)로의 변환에는 축소 변환이 필요합니다.
c:\users\ghals\documents\raycasting_program\raycast.cpp(393): warning C4244: '초기화 중': 'double'에서 'float'(으)로 변환하면서 데이터가 손실될 수 있습니다.
c:\users\ghals\documents\raycasting_program\raycast.cpp(411): warning C4244: '인수': 'double'에서 'int'(으)로 변환하면서 데이터가 손실될 수 있습니다.
c:\users\ghals\documents\raycasting_program\raycast.cpp(412): warning C4244: '인수': 'double'에서 'int'(으)로 변환하면서 데이터가 손실될 수 있습니다.
c:\users\ghals\documents\raycasting_program\raycast.cpp(413): warning C4244: '인수': 'double'에서 'int'(으)로 변환하면서 데이터가 손실될 수 있습니다.
c:\users\ghals\documents\raycasting_program\raycast.cpp(414): warning C4244: '인수': 'double'에서 'int'(으)로 변환하면서 데이터가 손실될 수 있습니다.
c:\users\ghals\documents\raycasting_program\raycast.cpp(415): warning C4244: '인수': 'double'에서 'int'(으)로 변환하면서 데이터가 손실될 수 있습니다.
c:\users\ghals\documents\raycasting_program\raycast.cpp(416): warning C4244: '인수': 'double'에서 'int'(으)로 변환하면서 데이터가 손실될 수 있습니다.
c:\users\ghals\documents\raycasting_program\raycast.cpp(417): warning C4244: '인수': 'double'에서 'int'(으)로 변환하면서 데이터가 손실될 수 있습니다.
c:\users\ghals\documents\raycasting_program\raycast.cpp(418): warning C4244: '인수': 'double'에서 'int'(으)로 변환하면서 데이터가 손실될 수 있습니다.
c:\users\ghals\documents\raycasting_program\raycast.cpp(441): warning C4244: '=': 'double'에서 'unsigned char'(으)로 변환하면서 데이터가 손실될 수 있습니다.
c:\users\ghals\documents\raycasting_program\raycast.cpp(442): warning C4244: '=': 'double'에서 'unsigned char'(으)로 변환하면서 데이터가 손실될 수 있습니다.
c:\users\ghals\documents\raycasting_program\raycast.cpp(443): warning C4244: '=': 'double'에서 'unsigned char'(으)로 변환하면서 데이터가 손실될 수 있습니다.
  코드를 생성하고 있습니다.
  2 of 146 functions ( 1.4%) were compiled, the rest were copied from previous compilation.
    0 functions were new in current compilation
    0 functions had inline decision re-evaluated but remain unchanged
  코드를 생성했습니다.
  RayCast.vcxproj -> C:\Users\ghals\Documents\RayCasting_program\usr\bin\RayCast.exe
