  RayCast.cpp
c:\users\shyun\desktop\raycast\raycast.cpp(21): warning C4305: '초기화 중': 'double'에서 'float'(으)로 잘립니다.
c:\users\shyun\desktop\raycast\raycast.cpp(110): warning C4996: 'scanf': This function or variable may be unsafe. Consider using scanf_s instead. To disable deprecation, use _CRT_SECURE_NO_WARNINGS. See online help for details.
  c:\program files (x86)\windows kits\10\include\10.0.10240.0\ucrt\stdio.h(1270): note: 'scanf' 선언을 참조하십시오.
c:\users\shyun\desktop\raycast\raycast.cpp(141): warning C4267: '초기화 중': 'size_t'에서 'int'(으)로 변환하면서 데이터가 손실될 수 있습니다.
c:\users\shyun\desktop\raycast\raycast.cpp(136): warning C4996: 'fscanf': This function or variable may be unsafe. Consider using fscanf_s instead. To disable deprecation, use _CRT_SECURE_NO_WARNINGS. See online help for details.
  c:\program files (x86)\windows kits\10\include\10.0.10240.0\ucrt\stdio.h(1193): note: 'fscanf' 선언을 참조하십시오.
c:\users\shyun\desktop\raycast\raycast.cpp(192): warning C4244: '=': 'double'에서 'float'(으)로 변환하면서 데이터가 손실될 수 있습니다.
c:\users\shyun\desktop\raycast\raycast.cpp(196): warning C4244: '=': 'double'에서 'float'(으)로 변환하면서 데이터가 손실될 수 있습니다.
c:\users\shyun\desktop\raycast\raycast.cpp(221): warning C4305: '초기화 중': 'double'에서 'float'(으)로 잘립니다.
c:\users\shyun\desktop\raycast\raycast.cpp(222): warning C4305: '초기화 중': 'double'에서 'float'(으)로 잘립니다.
c:\users\shyun\desktop\raycast\raycast.cpp(223): warning C4244: '=': 'double'에서 'float'(으)로 변환하면서 데이터가 손실될 수 있습니다.
c:\users\shyun\desktop\raycast\raycast.cpp(260): warning C4244: '=': 'double'에서 'float'(으)로 변환하면서 데이터가 손실될 수 있습니다.
c:\users\shyun\desktop\raycast\raycast.cpp(261): warning C4244: '=': 'double'에서 'float'(으)로 변환하면서 데이터가 손실될 수 있습니다.
c:\users\shyun\desktop\raycast\raycast.cpp(270): warning C4244: '=': 'double'에서 'float'(으)로 변환하면서 데이터가 손실될 수 있습니다.
c:\users\shyun\desktop\raycast\raycast.cpp(271): warning C4244: '=': 'float'에서 'unsigned char'(으)로 변환하면서 데이터가 손실될 수 있습니다.
c:\users\shyun\desktop\raycast\raycast.cpp(272): warning C4244: '=': 'float'에서 'unsigned char'(으)로 변환하면서 데이터가 손실될 수 있습니다.
c:\users\shyun\desktop\raycast\raycast.cpp(273): warning C4244: '=': 'float'에서 'unsigned char'(으)로 변환하면서 데이터가 손실될 수 있습니다.
  gmath.cpp
  코드를 생성하고 있습니다...
  RayCast.vcxproj -> C:\Users\SHYUN\Desktop\RayCast\usr\bin\RayCast.exe
  RayCast.vcxproj -> C:\Users\SHYUN\Desktop\RayCast\usr\bin\RayCast.pdb (Full PDB)
